<?xml version="1.0" encoding="UTF-8"?>
<!-- Generated by org.testng.reporters.JUnitReportReporter -->
<testsuite name="LibraryTest" tests="1" time="10.893" ignored="0" failures="0" timestamp="27 авг 2017 17:05:01 GMT" skipped="0" hostname="DESKTOP-PEGRALB" errors="0">
  <testcase name="testSomeLibraryMethod" time="10.893" classname="LibraryTest"/>
</testsuite> <!-- LibraryTest -->
